-------------------------------------------------------------------------------
Test set: com.portfolioIsm.BackEndISM.IsmApplicationTests
-------------------------------------------------------------------------------
Tests run: 1, Failures: 0, Errors: 1, Skipped: 0, Time elapsed: 2.096 s <<< FAILURE! - in com.portfolioIsm.BackEndISM.IsmApplicationTests
com.portfolioIsm.BackEndISM.IsmApplicationTests  Time elapsed: 2.094 s  <<< ERROR!
java.lang.IllegalStateException: Unable to find a @SpringBootConfiguration, you need to use @ContextConfiguration or @SpringBootTest(classes=...) with your test

